<?xml version="1.0" encoding="UTF-8"?>
<!-- Generated by org.testng.reporters.JUnitXMLReporter -->
<testsuite ignored="1" hostname="saibaba-PC" failures="0" tests="8" name="OrangCRM Sanity Test" time="12.324" errors="0" timestamp="11 Dec 2020 06:15:54 GMT">
  <testcase classname="qa.com.orangehrm.tests.PIMPageTest" name="@BeforeTest setUp" time="2.935">
    <failure type="org.openqa.selenium.NoSuchElementException" message="no such element: Unable to locate element: {&amp;quot;method&amp;quot;:&amp;quot;css selector&amp;quot;,&amp;quot;selector&amp;quot;:&amp;quot;.preview__action\-\-close&amp;quot;}
  (Session info: chrome=87.0.4280.88)
For documentation on this error, please visit: https://www.seleniumhq.org/exceptions/no_such_element.html
Build info: version: &amp;apos;3.141.59&amp;apos;, revision: &amp;apos;e82be7d358&amp;apos;, time: &amp;apos;2018-11-14T08:17:03&amp;apos;
System info: host: &amp;apos;SAIBABA-PC&amp;apos;, ip: &amp;apos;192.168.1.104&amp;apos;, os.name: &amp;apos;Windows 7&amp;apos;, os.arch: &amp;apos;amd64&amp;apos;, os.version: &amp;apos;6.1&amp;apos;, java.version: &amp;apos;15&amp;apos;
Driver info: org.openqa.selenium.chrome.ChromeDriver
Capabilities {acceptInsecureCerts: false, browserName: chrome, browserVersion: 87.0.4280.88, chrome: {chromedriverVersion: 87.0.4280.88 (89e2380a3e36c..., userDataDir: C:\Users\saibaba\AppData\Lo...}, goog:chromeOptions: {debuggerAddress: localhost:49197}, javascriptEnabled: true, networkConnectionEnabled: false, pageLoadStrategy: normal, platform: WINDOWS, platformName: WINDOWS, proxy: Proxy(), setWindowRect: true, strictFileInteractability: false, timeouts: {implicit: 0, pageLoad: 300000, script: 30000}, unhandledPromptBehavior: dismiss and notify, webauthn:virtualAuthenticators: true}
Session ID: e75d028dd250d87a7bd9196276fbbce1
*** Element info: {Using=class name, value=preview__action--close}">
      <![CDATA[org.openqa.selenium.NoSuchElementException: no such element: Unable to locate element: {"method":"css selector","selector":".preview__action\-\-close"}
  (Session info: chrome=87.0.4280.88)
For documentation on this error, please visit: https://www.seleniumhq.org/exceptions/no_such_element.html
Build info: version: '3.141.59', revision: 'e82be7d358', time: '2018-11-14T08:17:03'
System info: host: 'SAIBABA-PC', ip: '192.168.1.104', os.name: 'Windows 7', os.arch: 'amd64', os.version: '6.1', java.version: '15'
Driver info: org.openqa.selenium.chrome.ChromeDriver
Capabilities {acceptInsecureCerts: false, browserName: chrome, browserVersion: 87.0.4280.88, chrome: {chromedriverVersion: 87.0.4280.88 (89e2380a3e36c..., userDataDir: C:\Users\saibaba\AppData\Lo...}, goog:chromeOptions: {debuggerAddress: localhost:49197}, javascriptEnabled: true, networkConnectionEnabled: false, pageLoadStrategy: normal, platform: WINDOWS, platformName: WINDOWS, proxy: Proxy(), setWindowRect: true, strictFileInteractability: false, timeouts: {implicit: 0, pageLoad: 300000, script: 30000}, unhandledPromptBehavior: dismiss and notify, webauthn:virtualAuthenticators: true}
Session ID: e75d028dd250d87a7bd9196276fbbce1
*** Element info: {Using=class name, value=preview__action--close}
at org.openqa.selenium.remote.http.W3CHttpResponseCodec.createException(W3CHttpResponseCodec.java:187)
at org.openqa.selenium.remote.http.W3CHttpResponseCodec.decode(W3CHttpResponseCodec.java:122)
at org.openqa.selenium.remote.http.W3CHttpResponseCodec.decode(W3CHttpResponseCodec.java:49)
at org.openqa.selenium.remote.HttpCommandExecutor.execute(HttpCommandExecutor.java:158)
at org.openqa.selenium.remote.service.DriverCommandExecutor.execute(DriverCommandExecutor.java:83)
at org.openqa.selenium.remote.RemoteWebDriver.execute(RemoteWebDriver.java:552)
at org.openqa.selenium.remote.RemoteWebDriver.findElement(RemoteWebDriver.java:323)
at org.openqa.selenium.remote.RemoteWebDriver.findElementByClassName(RemoteWebDriver.java:412)
at org.openqa.selenium.By$ByClassName.findElement(By.java:389)
at org.openqa.selenium.remote.RemoteWebDriver.findElement(RemoteWebDriver.java:315)
at qa.com.orangehrm.pages.LoginPage.removeframe(LoginPage.java:37)
at qa.com.orangehrm.tests.PIMPageTest.setUp(PIMPageTest.java:32)
... Removed 29 stack frames]]>
    </failure>
  </testcase> <!-- @BeforeTest setUp -->
  <testcase classname="qa.com.orangehrm.tests.LoginPageTest" name="removeframe" time="0.0">
    <skipped/>
  </testcase> <!-- removeframe -->
  <testcase classname="qa.com.orangehrm.tests.PIMPageTest" name="VerifygotoPIMPage" time="0.0">
    <skipped/>
  </testcase> <!-- VerifygotoPIMPage -->
  <testcase classname="qa.com.orangehrm.tests.LoginPageTest" name="getloginpagetitle" time="0.0">
    <skipped/>
  </testcase> <!-- getloginpagetitle -->
  <testcase classname="qa.com.orangehrm.tests.PIMPageTest" name="verifygetpimlist" time="0.0">
    <skipped/>
  </testcase> <!-- verifygetpimlist -->
  <testcase classname="qa.com.orangehrm.tests.LoginPageTest" name="dologin" time="0.0">
    <skipped/>
  </testcase> <!-- dologin -->
  <testcase classname="qa.com.orangehrm.tests.PIMPageTest" name="verifyselectCustomReports" time="0.0">
    <skipped/>
  </testcase> <!-- verifyselectCustomReports -->
  <testcase classname="qa.com.orangehrm.tests.PIMPageTest" name="verifycustomfields" time="0.0">
    <skipped/>
  </testcase> <!-- verifycustomfields -->
  <testcase classname="qa.com.orangehrm.tests.PIMPageTest" name="verifyAddCustom" time="0.0">
    <skipped/>
  </testcase> <!-- verifyAddCustom -->
  <testcase classname="qa.com.orangehrm.tests.PIMPageTest" name="verifyselectreports" time="0.0">
    <ignored/>
  </testcase> <!-- verifyselectreports -->
</testsuite> <!-- OrangCRM Sanity Test -->
